<?xml version="1.0" encoding="UTF-8"?>
<!-- Generated by org.testng.reporters.JUnitReportReporter -->
<testsuite hostname="LIN-PF2W9WZZ" failures="0" tests="1" name="testCases.Tc_01RegistrationPage" time="1.978" errors="0" timestamp="2024-07-30T15:33:12 IST" skipped="0">
  <testcase classname="testCases.Tc_01RegistrationPage" name="test" time="1.978"/>
</testsuite> <!-- testCases.Tc_01RegistrationPage -->
