<?xml version="1.0" encoding="UTF-8"?>
<!-- Generated by org.testng.reporters.JUnitReportReporter -->
<testsuite hostname="LIN-PF2W9WZZ" failures="0" tests="1" name="testCases.TC_001LoginPage" time="1.930" errors="0" timestamp="2024-07-30T15:33:12 IST" skipped="0">
  <testcase classname="testCases.TC_001LoginPage" name="login" time="1.930"/>
</testsuite> <!-- testCases.TC_001LoginPage -->
